Using pre-set license
Built from '2020.3/staging' branch; Version is '2020.3.29f1 (2ff179115da0) revision 3142009'; Using compiler version '192528614'; Build Type 'Release'
OS: 'Windows 11  (10.0.22000) 64bit Core' Language: 'en' Physical Memory: 8005 MB
BatchMode: 1, IsHumanControllingUs: 0, StartBugReporterOnCrash: 0, Is64bit: 1, IsPro: 0

COMMAND LINE ARGUMENTS:
C:\Program Files\Unity\Hub\Editor\2020.3.29f1\Editor\Unity.exe
-adb2
-batchMode
-noUpm
-name
AssetImportWorker0
-projectPath
C:/Users/laure/Documents/GitHub/MasteryMakerRG/MasteryMaker
-logFile
Logs/AssetImportWorker0.log
-srvPort
50536
Successfully changed project path to: C:/Users/laure/Documents/GitHub/MasteryMakerRG/MasteryMaker
C:/Users/laure/Documents/GitHub/MasteryMakerRG/MasteryMaker
Using Asset Import Pipeline V2.
Refreshing native plugins compatible for Editor in 82.66 ms, found 3 plugins.
Preloading 0 native plugins for Editor in 0.00 ms.
Initialize engine version: 2020.3.29f1 (2ff179115da0)
[Subsystems] Discovering subsystems at path C:/Program Files/Unity/Hub/Editor/2020.3.29f1/Editor/Data/Resources/UnitySubsystems
[Subsystems] Discovering subsystems at path C:/Users/laure/Documents/GitHub/MasteryMakerRG/MasteryMaker/Assets
GfxDevice: creating device client; threaded=0
Direct3D:
    Version:  Direct3D 11.0 [level 11.1]
    Renderer: NVIDIA GeForce MX230 (ID=0x1d11)
    Vendor:   
    VRAM:     1984 MB
    Driver:   25.21.14.1788
Initialize mono
Mono path[0] = 'C:/Program Files/Unity/Hub/Editor/2020.3.29f1/Editor/Data/Managed'
Mono path[1] = 'C:/Program Files/Unity/Hub/Editor/2020.3.29f1/Editor/Data/MonoBleedingEdge/lib/mono/unityjit'
Mono config path = 'C:/Program Files/Unity/Hub/Editor/2020.3.29f1/Editor/Data/MonoBleedingEdge/etc'
Using monoOptions --debugger-agent=transport=dt_socket,embedding=1,server=y,suspend=n,address=127.0.0.1:56852
Begin MonoManager ReloadAssembly
Registering precompiled unity dll's ...
Register platform support module: C:/Program Files/Unity/Hub/Editor/2020.3.29f1/Editor/Data/PlaybackEngines/WindowsStandaloneSupport/UnityEditor.WindowsStandalone.Extensions.dll
Registered in 0.002826 seconds.
Native extension for WindowsStandalone target not found
Refreshing native plugins compatible for Editor in 55.12 ms, found 3 plugins.
Preloading 0 native plugins for Editor in 0.00 ms.
Mono: successfully reloaded assembly
- Completed reload, in  0.658 seconds
Domain Reload Profiling:
	ReloadAssembly (660ms)
		BeginReloadAssembly (69ms)
			ExecutionOrderSort (0ms)
			DisableScriptedObjects (0ms)
			BackupInstance (0ms)
			ReleaseScriptingObjects (0ms)
			CreateAndSetChildDomain (1ms)
		EndReloadAssembly (507ms)
			LoadAssemblies (64ms)
			RebuildTransferFunctionScriptingTraits (0ms)
			SetupTypeCache (160ms)
			ReleaseScriptCaches (0ms)
			RebuildScriptCaches (34ms)
			SetupLoadedEditorAssemblies (204ms)
				LogAssemblyErrors (0ms)
				InitializePlatformSupportModulesInManaged (6ms)
				SetLoadedEditorAssemblies (0ms)
				RefreshPlugins (56ms)
				BeforeProcessingInitializeOnLoad (15ms)
				ProcessInitializeOnLoadAttributes (95ms)
				ProcessInitializeOnLoadMethodAttributes (30ms)
				AfterProcessingInitializeOnLoad (0ms)
				EditorAssembliesLoaded (0ms)
			ExecutionOrderSort2 (0ms)
			AwakeInstancesAfterBackupRestoration (0ms)
Platform modules already initialized, skipping
Registering precompiled user dll's ...
Registered in 0.004864 seconds.
Begin MonoManager ReloadAssembly
Native extension for WindowsStandalone target not found
Refreshing native plugins compatible for Editor in 54.61 ms, found 3 plugins.
Preloading 0 native plugins for Editor in 0.00 ms.
Mono: successfully reloaded assembly
- Completed reload, in  1.273 seconds
Domain Reload Profiling:
	ReloadAssembly (1277ms)
		BeginReloadAssembly (164ms)
			ExecutionOrderSort (0ms)
			DisableScriptedObjects (5ms)
			BackupInstance (0ms)
			ReleaseScriptingObjects (0ms)
			CreateAndSetChildDomain (19ms)
		EndReloadAssembly (1034ms)
			LoadAssemblies (124ms)
			RebuildTransferFunctionScriptingTraits (0ms)
			SetupTypeCache (320ms)
			ReleaseScriptCaches (0ms)
			RebuildScriptCaches (52ms)
			SetupLoadedEditorAssemblies (399ms)
				LogAssemblyErrors (0ms)
				InitializePlatformSupportModulesInManaged (6ms)
				SetLoadedEditorAssemblies (0ms)
				RefreshPlugins (56ms)
				BeforeProcessingInitializeOnLoad (89ms)
				ProcessInitializeOnLoadAttributes (219ms)
				ProcessInitializeOnLoadMethodAttributes (18ms)
				AfterProcessingInitializeOnLoad (10ms)
				EditorAssembliesLoaded (0ms)
			ExecutionOrderSort2 (0ms)
			AwakeInstancesAfterBackupRestoration (7ms)
Platform modules already initialized, skipping
========================================================================
Worker process is ready to serve import requests
Launched and connected shader compiler UnityShaderCompiler.exe after 0.06 seconds
Refreshing native plugins compatible for Editor in 0.51 ms, found 3 plugins.
Preloading 0 native plugins for Editor in 0.00 ms.
Unloading 2246 Unused Serialized files (Serialized files now loaded: 0)
System memory in use before: 99.0 MB.
System memory in use after: 98.9 MB.

Unloading 31 unused Assets to reduce memory usage. Loaded Objects now: 2677.
Total: 3.299300 ms (FindLiveObjects: 0.172900 ms CreateObjectMapping: 0.080300 ms MarkObjects: 2.901000 ms  DeleteObjects: 0.144400 ms)

AssetImportParameters requested are different than current active one (requested -> active):
  custom:framework-win-MediaFoundation: 216162199b28c13a410421893ffa2e32 -> 
  custom:video-decoder-ogg-theora: a1e56fd34408186e4bbccfd4996cb3dc -> 
  custom:container-muxer-webm: aa71ff27fc2769a1b78a27578f13a17b -> 
  custom:container-demuxer-webm: 4f35f7cbe854078d1ac9338744f61a02 -> 
  custom:container-demuxer-ogg: 62fdf1f143b41e24485cea50d1cbac27 -> 
  custom:video-encoder-webm-vp8: eb34c28f22e8b96e1ab97ce403110664 -> 
  custom:video-codec-MediaFoundation-h265: 746d11721c4dcdbdad8f713fa42b33f4 -> 
  custom:video-decoder-webm-vp8: 9c59270c3fd7afecdb556c50c9e8de78 -> 
  custom:audio-decoder-ogg-vorbis: bf7c407c2cedff20999df2af8eb42d56 -> 
  custom:audio-encoder-webm-vorbis: bf7c407c2cedff20999df2af8eb42d56 -> 
========================================================================
Received Import Request.
  path: Assets/Resources/ribbon
  artifactKey: Guid(cad316bb8fe26d946a8ca0eb20ec7963) Importer(815301076,1909f56bfc062723c751e8b465ee728b)
Start importing Assets/Resources/ribbon using Guid(cad316bb8fe26d946a8ca0eb20ec7963) Importer(815301076,1909f56bfc062723c751e8b465ee728b)  -> (artifact id: '6976ccf415323c6412a3a21124696dbe') in 0.013400 seconds 
  Import took 0.021818 seconds .

========================================================================
Received Import Request.
  Time since last request: 1.595318 seconds.
  path: Assets/Resources/Clubs
  artifactKey: Guid(995169eb5d89cbb4dbc66b4bcc6ac083) Importer(815301076,1909f56bfc062723c751e8b465ee728b)
Start importing Assets/Resources/Clubs using Guid(995169eb5d89cbb4dbc66b4bcc6ac083) Importer(815301076,1909f56bfc062723c751e8b465ee728b)  -> (artifact id: 'a38704b15de01cf8a7f0ce12f022c068') in 0.004521 seconds 
  Import took 0.008815 seconds .

========================================================================
Received Import Request.
  Time since last request: 6.775045 seconds.
  path: Assets/Resources/Ball Bases
  artifactKey: Guid(83aecce8576cffa4199ebd8448ff9081) Importer(815301076,1909f56bfc062723c751e8b465ee728b)
Start importing Assets/Resources/Ball Bases using Guid(83aecce8576cffa4199ebd8448ff9081) Importer(815301076,1909f56bfc062723c751e8b465ee728b)  -> (artifact id: '4203ccdb587b8576694875ce6335e26f') in 0.005158 seconds 
  Import took 0.010348 seconds .

========================================================================
Received Import Request.
  Time since last request: 4.638263 seconds.
  path: Assets/Resources/Clubs Bases
  artifactKey: Guid(995169eb5d89cbb4dbc66b4bcc6ac083) Importer(815301076,1909f56bfc062723c751e8b465ee728b)
Start importing Assets/Resources/Clubs Bases using Guid(995169eb5d89cbb4dbc66b4bcc6ac083) Importer(815301076,1909f56bfc062723c751e8b465ee728b)  -> (artifact id: '7d27ea42218ee81fc5b0b6913a7cc395') in 0.005146 seconds 
  Import took 0.009643 seconds .

========================================================================
Received Import Request.
  Time since last request: 10.903814 seconds.
  path: Assets/Resources/Hoop Bases
  artifactKey: Guid(833bff3b124824f408a43a5c35f35005) Importer(815301076,1909f56bfc062723c751e8b465ee728b)
Start importing Assets/Resources/Hoop Bases using Guid(833bff3b124824f408a43a5c35f35005) Importer(815301076,1909f56bfc062723c751e8b465ee728b)  -> (artifact id: '95b9a84d45723fd09edd47439fdbadf2') in 0.010435 seconds 
  Import took 0.017951 seconds .

========================================================================
Received Import Request.
  Time since last request: 5.306057 seconds.
  path: Assets/Resources/Ribbon Bases
  artifactKey: Guid(cad316bb8fe26d946a8ca0eb20ec7963) Importer(815301076,1909f56bfc062723c751e8b465ee728b)
Start importing Assets/Resources/Ribbon Bases using Guid(cad316bb8fe26d946a8ca0eb20ec7963) Importer(815301076,1909f56bfc062723c751e8b465ee728b)  -> (artifact id: '9b4f78d64a1d9870d82f689c26a4777e') in 0.005212 seconds 
  Import took 0.009551 seconds .

========================================================================
Received Import Request.
  Time since last request: 5.729859 seconds.
  path: Assets/Resources/Images
  artifactKey: Guid(84870ab4ca489ba42bb4f9d56b2fc16e) Importer(815301076,1909f56bfc062723c751e8b465ee728b)
Start importing Assets/Resources/Images using Guid(84870ab4ca489ba42bb4f9d56b2fc16e) Importer(815301076,1909f56bfc062723c751e8b465ee728b)  -> (artifact id: '82a9929451ca48d06f13ea15fa8556eb') in 0.005546 seconds 
  Import took 0.010101 seconds .

========================================================================
Received Import Request.
  Time since last request: 156.351712 seconds.
  path: Assets/Resources/Images/Ribbon Bases/RB01.jpg
  artifactKey: Guid(c6f259527ba2dad478d488b0a1d2d718) Importer(815301076,1909f56bfc062723c751e8b465ee728b)
Start importing Assets/Resources/Images/Ribbon Bases/RB01.jpg using Guid(c6f259527ba2dad478d488b0a1d2d718) Importer(815301076,1909f56bfc062723c751e8b465ee728b)  -> (artifact id: 'ba1aa437903258721ee2a438c803ec46') in 0.274101 seconds 
  Import took 0.281099 seconds .

========================================================================
Received Import Request.
  Time since last request: 0.000771 seconds.
  path: Assets/Resources/Images/Ribbon Bases/RB12.jpg
  artifactKey: Guid(7db6fa3f783d364479a01c443a30332a) Importer(815301076,1909f56bfc062723c751e8b465ee728b)
Start importing Assets/Resources/Images/Ribbon Bases/RB12.jpg using Guid(7db6fa3f783d364479a01c443a30332a) Importer(815301076,1909f56bfc062723c751e8b465ee728b)  -> (artifact id: '3b7df5c606c6fe81a7c022d9862ca1d3') in 0.041334 seconds 
  Import took 0.055677 seconds .

========================================================================
Received Import Request.
  Time since last request: 0.000869 seconds.
  path: Assets/Resources/Images/Ribbon Bases/RB07.jpg
  artifactKey: Guid(3545fee847c254f44846c8f7a6b01d9a) Importer(815301076,1909f56bfc062723c751e8b465ee728b)
Start importing Assets/Resources/Images/Ribbon Bases/RB07.jpg using Guid(3545fee847c254f44846c8f7a6b01d9a) Importer(815301076,1909f56bfc062723c751e8b465ee728b)  -> (artifact id: 'eba9c70328520965980e7ed818ae92db') in 0.035049 seconds 
  Import took 0.047866 seconds .

========================================================================
Received Import Request.
  Time since last request: 0.000724 seconds.
  path: Assets/Resources/Images/Ribbon Bases/RB02.jpg
  artifactKey: Guid(d9cf52ec2895e614fa4fcd3dd66b8a16) Importer(815301076,1909f56bfc062723c751e8b465ee728b)
Start importing Assets/Resources/Images/Ribbon Bases/RB02.jpg using Guid(d9cf52ec2895e614fa4fcd3dd66b8a16) Importer(815301076,1909f56bfc062723c751e8b465ee728b)  -> (artifact id: '61139df6fe4c679d01c604424f7710b0') in 0.026069 seconds 
  Import took 0.034280 seconds .

========================================================================
Received Import Request.
  Time since last request: 0.000629 seconds.
  path: Assets/Resources/Images/Ribbon Bases/RB13.jpg
  artifactKey: Guid(272140fce19d3d044871e600c5120c7a) Importer(815301076,1909f56bfc062723c751e8b465ee728b)
Start importing Assets/Resources/Images/Ribbon Bases/RB13.jpg using Guid(272140fce19d3d044871e600c5120c7a) Importer(815301076,1909f56bfc062723c751e8b465ee728b)  -> (artifact id: '7e3d00956349b154d556be7458b3c5ce') in 0.026758 seconds 
  Import took 0.033740 seconds .

========================================================================
Received Import Request.
  Time since last request: 0.000793 seconds.
  path: Assets/Resources/Images/Ribbon Bases/RB10.jpg
  artifactKey: Guid(4c04eab8f065e144cb8a7d0536d50be9) Importer(815301076,1909f56bfc062723c751e8b465ee728b)
Start importing Assets/Resources/Images/Ribbon Bases/RB10.jpg using Guid(4c04eab8f065e144cb8a7d0536d50be9) Importer(815301076,1909f56bfc062723c751e8b465ee728b)  -> (artifact id: '7715abc3e0bdb6e7cd754f4ab970d450') in 0.028692 seconds 
  Import took 0.036756 seconds .

========================================================================
Received Import Request.
  Time since last request: 0.000788 seconds.
  path: Assets/Resources/Images/Ribbon Bases/RB04.jpg
  artifactKey: Guid(3d87ad93bd7158a428cb20e52338fb95) Importer(815301076,1909f56bfc062723c751e8b465ee728b)
Start importing Assets/Resources/Images/Ribbon Bases/RB04.jpg using Guid(3d87ad93bd7158a428cb20e52338fb95) Importer(815301076,1909f56bfc062723c751e8b465ee728b)  -> (artifact id: '70991dfb83682558a8837b974cb05732') in 0.026672 seconds 
  Import took 0.034323 seconds .

========================================================================
Received Import Request.
  Time since last request: 0.000777 seconds.
  path: Assets/Resources/Images/Ribbon Bases/RB16.jpg
  artifactKey: Guid(d4dfca5932b28534d8ff85b5b6e63e76) Importer(815301076,1909f56bfc062723c751e8b465ee728b)
Start importing Assets/Resources/Images/Ribbon Bases/RB16.jpg using Guid(d4dfca5932b28534d8ff85b5b6e63e76) Importer(815301076,1909f56bfc062723c751e8b465ee728b)  -> (artifact id: '27b0505543c3c3b27d1c212f9ff2507e') in 0.026531 seconds 
  Import took 0.033328 seconds .

========================================================================
Received Import Request.
  Time since last request: 0.000657 seconds.
  path: Assets/Resources/Images/Ribbon Bases/RB14.jpg
  artifactKey: Guid(c0ad58afd93ece348b5cbc757b3107b8) Importer(815301076,1909f56bfc062723c751e8b465ee728b)
Start importing Assets/Resources/Images/Ribbon Bases/RB14.jpg using Guid(c0ad58afd93ece348b5cbc757b3107b8) Importer(815301076,1909f56bfc062723c751e8b465ee728b)  -> (artifact id: '0920a2d630f023449f843644d7b78745') in 0.017944 seconds 
  Import took 0.025126 seconds .

========================================================================
Received Import Request.
  Time since last request: 0.000757 seconds.
  path: Assets/Resources/Images/Ribbon Bases/RB05.jpg
  artifactKey: Guid(f352d3c9ad45cff409908f862236c390) Importer(815301076,1909f56bfc062723c751e8b465ee728b)
Start importing Assets/Resources/Images/Ribbon Bases/RB05.jpg using Guid(f352d3c9ad45cff409908f862236c390) Importer(815301076,1909f56bfc062723c751e8b465ee728b)  -> (artifact id: 'b335a98c0e516b11f8da7bd2a5837699') in 0.026411 seconds 
  Import took 0.033668 seconds .

========================================================================
Received Import Request.
  Time since last request: 0.000777 seconds.
  path: Assets/Resources/Images/Ribbon Bases/RB11.jpg
  artifactKey: Guid(008886f908885894887f0f163f109377) Importer(815301076,1909f56bfc062723c751e8b465ee728b)
Start importing Assets/Resources/Images/Ribbon Bases/RB11.jpg using Guid(008886f908885894887f0f163f109377) Importer(815301076,1909f56bfc062723c751e8b465ee728b)  -> (artifact id: '166d5f7f1acb9cfca31c9ca756f6c794') in 0.030262 seconds 
  Import took 0.038689 seconds .

========================================================================
Received Import Request.
  Time since last request: 0.000779 seconds.
  path: Assets/Resources/Images/Ribbon Bases/RB03.jpg
  artifactKey: Guid(8a19071bf03813f48b0ff2d564a3d463) Importer(815301076,1909f56bfc062723c751e8b465ee728b)
Start importing Assets/Resources/Images/Ribbon Bases/RB03.jpg using Guid(8a19071bf03813f48b0ff2d564a3d463) Importer(815301076,1909f56bfc062723c751e8b465ee728b)  -> (artifact id: 'a7845557db74e3ae003eb99b8c674445') in 0.028459 seconds 
  Import took 0.037089 seconds .

========================================================================
Received Import Request.
  Time since last request: 0.001033 seconds.
  path: Assets/Resources/Images/Ribbon Bases/RB09.jpg
  artifactKey: Guid(d6022dd4a2f3e7c4a87837744a5219b1) Importer(815301076,1909f56bfc062723c751e8b465ee728b)
Start importing Assets/Resources/Images/Ribbon Bases/RB09.jpg using Guid(d6022dd4a2f3e7c4a87837744a5219b1) Importer(815301076,1909f56bfc062723c751e8b465ee728b)  -> (artifact id: '105455886fabd04419afdecf1ce17a59') in 0.025222 seconds 
  Import took 0.032938 seconds .

========================================================================
Received Import Request.
  Time since last request: 0.000670 seconds.
  path: Assets/Resources/Images/Ribbon Bases/RB06.jpg
  artifactKey: Guid(2b2a360522afab648b0d747442f09e55) Importer(815301076,1909f56bfc062723c751e8b465ee728b)
Start importing Assets/Resources/Images/Ribbon Bases/RB06.jpg using Guid(2b2a360522afab648b0d747442f09e55) Importer(815301076,1909f56bfc062723c751e8b465ee728b)  -> (artifact id: '4420a421f318683fd2914fa0949c22e2') in 0.026818 seconds 
  Import took 0.034265 seconds .

========================================================================
Received Import Request.
  Time since last request: 0.000809 seconds.
  path: Assets/Resources/Images/Ribbon Bases/RB08.jpg
  artifactKey: Guid(9487be1ad17a78a4caaf27a00bf1bcbc) Importer(815301076,1909f56bfc062723c751e8b465ee728b)
Start importing Assets/Resources/Images/Ribbon Bases/RB08.jpg using Guid(9487be1ad17a78a4caaf27a00bf1bcbc) Importer(815301076,1909f56bfc062723c751e8b465ee728b)  -> (artifact id: '59913911c574e506052e0e04470a89aa') in 0.026567 seconds 
  Import took 0.035142 seconds .

========================================================================
Received Import Request.
  Time since last request: 174.542308 seconds.
  path: Assets/Resources/Images/Ribbon Bases/RB15.jpg
  artifactKey: Guid(0b463eabea0f5a3499a440adb962d4de) Importer(815301076,1909f56bfc062723c751e8b465ee728b)
Start importing Assets/Resources/Images/Ribbon Bases/RB15.jpg using Guid(0b463eabea0f5a3499a440adb962d4de) Importer(815301076,1909f56bfc062723c751e8b465ee728b)  -> (artifact id: '4e608c265e1bddfa5e9acc16ee4da0a2') in 0.035498 seconds 
  Import took 0.040796 seconds .

========================================================================
Received Import Request.
  Time since last request: 36.923041 seconds.
  path: Assets/Resources/Images/Clubs Bases/CB01.jpg
  artifactKey: Guid(f2bd9567dcca57541a180eaa34a9a3d1) Importer(815301076,1909f56bfc062723c751e8b465ee728b)
Start importing Assets/Resources/Images/Clubs Bases/CB01.jpg using Guid(f2bd9567dcca57541a180eaa34a9a3d1) Importer(815301076,1909f56bfc062723c751e8b465ee728b)  -> (artifact id: '2e76373a2a683fc9ec391ef43c2314ef') in 0.023710 seconds 
  Import took 0.027992 seconds .

========================================================================
Received Import Request.
  Time since last request: 0.000790 seconds.
  path: Assets/Resources/Images/Clubs Bases/CB12.jpg
  artifactKey: Guid(e90201b87337e6f4d87b3c4161fb80b1) Importer(815301076,1909f56bfc062723c751e8b465ee728b)
Start importing Assets/Resources/Images/Clubs Bases/CB12.jpg using Guid(e90201b87337e6f4d87b3c4161fb80b1) Importer(815301076,1909f56bfc062723c751e8b465ee728b)  -> (artifact id: 'a7838a81dbe22b002b55faef04f317ae') in 0.018309 seconds 
  Import took 0.023306 seconds .

========================================================================
Received Import Request.
  Time since last request: 0.000470 seconds.
  path: Assets/Resources/Images/Clubs Bases/CB06.jpg
  artifactKey: Guid(d1a9d0adcf52b014d83966a9895be2be) Importer(815301076,1909f56bfc062723c751e8b465ee728b)
Start importing Assets/Resources/Images/Clubs Bases/CB06.jpg using Guid(d1a9d0adcf52b014d83966a9895be2be) Importer(815301076,1909f56bfc062723c751e8b465ee728b)  -> (artifact id: '03f8276f693c936d045f6ee375926b33') in 0.016336 seconds 
  Import took 0.021345 seconds .

========================================================================
Received Import Request.
  Time since last request: 0.000721 seconds.
  path: Assets/Resources/Images/Clubs Bases/CB05.jpg
  artifactKey: Guid(f39a211145f76df42a2470038133a3b1) Importer(815301076,1909f56bfc062723c751e8b465ee728b)
Start importing Assets/Resources/Images/Clubs Bases/CB05.jpg using Guid(f39a211145f76df42a2470038133a3b1) Importer(815301076,1909f56bfc062723c751e8b465ee728b)  -> (artifact id: '40c57b4e50c206046ea6edd8c615f20f') in 0.026817 seconds 
  Import took 0.034285 seconds .

========================================================================
Received Import Request.
  Time since last request: 0.000882 seconds.
  path: Assets/Resources/Images/Clubs Bases/CB15.jpg
  artifactKey: Guid(0af4628ff3e56fe4e9f0c196fa39a0f8) Importer(815301076,1909f56bfc062723c751e8b465ee728b)
Start importing Assets/Resources/Images/Clubs Bases/CB15.jpg using Guid(0af4628ff3e56fe4e9f0c196fa39a0f8) Importer(815301076,1909f56bfc062723c751e8b465ee728b)  -> (artifact id: '748b888360a9111a32226151167dc311') in 0.031491 seconds 
  Import took 0.040616 seconds .

========================================================================
Received Import Request.
  Time since last request: 0.000494 seconds.
  path: Assets/Resources/Images/Clubs Bases/CB010.jpg
  artifactKey: Guid(dec41ed805e37194cb15baf743e87a96) Importer(815301076,1909f56bfc062723c751e8b465ee728b)
Start importing Assets/Resources/Images/Clubs Bases/CB010.jpg using Guid(dec41ed805e37194cb15baf743e87a96) Importer(815301076,1909f56bfc062723c751e8b465ee728b)  -> (artifact id: '0b29888c21e3e95e3daf1c3af7e6f713') in 0.032152 seconds 
  Import took 0.040525 seconds .

========================================================================
Received Import Request.
  Time since last request: 0.000611 seconds.
  path: Assets/Resources/Images/Clubs Bases/CB08.jpg
  artifactKey: Guid(003d8a7901c2a6944ae6f1f5884f1eae) Importer(815301076,1909f56bfc062723c751e8b465ee728b)
Start importing Assets/Resources/Images/Clubs Bases/CB08.jpg using Guid(003d8a7901c2a6944ae6f1f5884f1eae) Importer(815301076,1909f56bfc062723c751e8b465ee728b)  -> (artifact id: 'f17c14565210436c2eecf79373d0cd8a') in 0.029478 seconds 
  Import took 0.036469 seconds .

========================================================================
Received Import Request.
  Time since last request: 0.000543 seconds.
  path: Assets/Resources/Images/Clubs Bases/CB03.jpg
  artifactKey: Guid(45c2a87c05f7ec64ab774654ff5e4b7a) Importer(815301076,1909f56bfc062723c751e8b465ee728b)
Start importing Assets/Resources/Images/Clubs Bases/CB03.jpg using Guid(45c2a87c05f7ec64ab774654ff5e4b7a) Importer(815301076,1909f56bfc062723c751e8b465ee728b)  -> (artifact id: '487ffa721d51c52ede18da9fa033b360') in 0.037593 seconds 
  Import took 0.046413 seconds .

========================================================================
Received Import Request.
  Time since last request: 0.000694 seconds.
  path: Assets/Resources/Images/Clubs Bases/CB09.jpg
  artifactKey: Guid(01eb6768d50d0e042a9580a69d15bab9) Importer(815301076,1909f56bfc062723c751e8b465ee728b)
Start importing Assets/Resources/Images/Clubs Bases/CB09.jpg using Guid(01eb6768d50d0e042a9580a69d15bab9) Importer(815301076,1909f56bfc062723c751e8b465ee728b)  -> (artifact id: '4aacc1ba480e73986fc8308a4f36ebc7') in 0.040346 seconds 
  Import took 0.050181 seconds .

========================================================================
Received Import Request.
  Time since last request: 0.000785 seconds.
  path: Assets/Resources/Images/Clubs Bases/CB14.jpg
  artifactKey: Guid(8ad020f67179bba4abd4efba1e91c9ee) Importer(815301076,1909f56bfc062723c751e8b465ee728b)
Start importing Assets/Resources/Images/Clubs Bases/CB14.jpg using Guid(8ad020f67179bba4abd4efba1e91c9ee) Importer(815301076,1909f56bfc062723c751e8b465ee728b)  -> (artifact id: '15e6fa63054cae11b1169e10237c6787') in 0.027374 seconds 
  Import took 0.042100 seconds .

========================================================================
Received Import Request.
  Time since last request: 0.000592 seconds.
  path: Assets/Resources/Images/Clubs Bases/CB11.jpg
  artifactKey: Guid(a22527be11103e0408620b787e53bd91) Importer(815301076,1909f56bfc062723c751e8b465ee728b)
Start importing Assets/Resources/Images/Clubs Bases/CB11.jpg using Guid(a22527be11103e0408620b787e53bd91) Importer(815301076,1909f56bfc062723c751e8b465ee728b)  -> (artifact id: '0ca42073060702aa5d104ceeb41cefcd') in 0.031096 seconds 
  Import took 0.038559 seconds .

========================================================================
Received Import Request.
  Time since last request: 0.000485 seconds.
  path: Assets/Resources/Images/Clubs Bases/CB17.jpg
  artifactKey: Guid(f37418364cde7744ebe823110afb3b16) Importer(815301076,1909f56bfc062723c751e8b465ee728b)
Start importing Assets/Resources/Images/Clubs Bases/CB17.jpg using Guid(f37418364cde7744ebe823110afb3b16) Importer(815301076,1909f56bfc062723c751e8b465ee728b)  -> (artifact id: 'ea54114ed281d3ae07ed45c1d00ef542') in 0.031210 seconds 
  Import took 0.038049 seconds .

========================================================================
Received Import Request.
  Time since last request: 0.000665 seconds.
  path: Assets/Resources/Images/Clubs Bases/CB04.jpg
  artifactKey: Guid(97f4d305088abea4f80a25daaf55a589) Importer(815301076,1909f56bfc062723c751e8b465ee728b)
Start importing Assets/Resources/Images/Clubs Bases/CB04.jpg using Guid(97f4d305088abea4f80a25daaf55a589) Importer(815301076,1909f56bfc062723c751e8b465ee728b)  -> (artifact id: '0df9bfdb7cad5b9eec124764fd4969b9') in 0.015988 seconds 
  Import took 0.020760 seconds .

========================================================================
Received Import Request.
  Time since last request: 0.000598 seconds.
  path: Assets/Resources/Images/Clubs Bases/CB02.jpg
  artifactKey: Guid(17742b18c8f44554ea63bc4b1ac1b5a5) Importer(815301076,1909f56bfc062723c751e8b465ee728b)
Start importing Assets/Resources/Images/Clubs Bases/CB02.jpg using Guid(17742b18c8f44554ea63bc4b1ac1b5a5) Importer(815301076,1909f56bfc062723c751e8b465ee728b)  -> (artifact id: 'e76807976f56ea9c60875f3a4631122f') in 0.016714 seconds 
  Import took 0.022104 seconds .

========================================================================
Received Import Request.
  Time since last request: 0.000475 seconds.
  path: Assets/Resources/Images/Clubs Bases/CB13.jpg
  artifactKey: Guid(3ca93aba825275249a04bcd19aad5360) Importer(815301076,1909f56bfc062723c751e8b465ee728b)
Start importing Assets/Resources/Images/Clubs Bases/CB13.jpg using Guid(3ca93aba825275249a04bcd19aad5360) Importer(815301076,1909f56bfc062723c751e8b465ee728b)  -> (artifact id: '085dabf8b074bb6bd4320f0c00e88592') in 0.017542 seconds 
  Import took 0.022153 seconds .

========================================================================
Received Import Request.
  Time since last request: 0.000481 seconds.
  path: Assets/Resources/Images/Clubs Bases/CB16.jpg
  artifactKey: Guid(02d606b7aebfcb949b0d3e9436e641e5) Importer(815301076,1909f56bfc062723c751e8b465ee728b)
Start importing Assets/Resources/Images/Clubs Bases/CB16.jpg using Guid(02d606b7aebfcb949b0d3e9436e641e5) Importer(815301076,1909f56bfc062723c751e8b465ee728b)  -> (artifact id: '0fdb0b17c2a74c32f5d9edd8c33a37dc') in 0.019765 seconds 
  Import took 0.024531 seconds .

========================================================================
Received Import Request.
  Time since last request: 0.000400 seconds.
  path: Assets/Resources/Images/Clubs Bases/CB07.jpg
  artifactKey: Guid(1cdb004b72e6c99488e5357fc6e4a0a9) Importer(815301076,1909f56bfc062723c751e8b465ee728b)
Start importing Assets/Resources/Images/Clubs Bases/CB07.jpg using Guid(1cdb004b72e6c99488e5357fc6e4a0a9) Importer(815301076,1909f56bfc062723c751e8b465ee728b)  -> (artifact id: 'cc347e60508a826f411a45b565374476') in 0.017546 seconds 
  Import took 0.024884 seconds .

========================================================================
Received Prepare
Registering precompiled user dll's ...
Registered in 0.015951 seconds.
Begin MonoManager ReloadAssembly
Native extension for WindowsStandalone target not found
Refreshing native plugins compatible for Editor in 0.98 ms, found 3 plugins.
Preloading 0 native plugins for Editor in 0.00 ms.
Mono: successfully reloaded assembly
- Completed reload, in  1.908 seconds
Domain Reload Profiling:
	ReloadAssembly (1930ms)
		BeginReloadAssembly (170ms)
			ExecutionOrderSort (0ms)
			DisableScriptedObjects (6ms)
			BackupInstance (0ms)
			ReleaseScriptingObjects (0ms)
			CreateAndSetChildDomain (42ms)
		EndReloadAssembly (1683ms)
			LoadAssemblies (150ms)
			RebuildTransferFunctionScriptingTraits (0ms)
			SetupTypeCache (574ms)
			ReleaseScriptCaches (2ms)
			RebuildScriptCaches (80ms)
			SetupLoadedEditorAssemblies (601ms)
				LogAssemblyErrors (0ms)
				InitializePlatformSupportModulesInManaged (9ms)
				SetLoadedEditorAssemblies (1ms)
				RefreshPlugins (1ms)
				BeforeProcessingInitializeOnLoad (155ms)
				ProcessInitializeOnLoadAttributes (393ms)
				ProcessInitializeOnLoadMethodAttributes (22ms)
				AfterProcessingInitializeOnLoad (20ms)
				EditorAssembliesLoaded (0ms)
			ExecutionOrderSort2 (0ms)
			AwakeInstancesAfterBackupRestoration (36ms)
Platform modules already initialized, skipping
Refreshing native plugins compatible for Editor in 0.60 ms, found 3 plugins.
Preloading 0 native plugins for Editor in 0.00 ms.
Unloading 2228 Unused Serialized files (Serialized files now loaded: 0)
System memory in use before: 100.9 MB.
System memory in use after: 100.8 MB.

Unloading 20 unused Assets to reduce memory usage. Loaded Objects now: 2709.
Total: 6.751400 ms (FindLiveObjects: 0.565000 ms CreateObjectMapping: 0.228600 ms MarkObjects: 5.768100 ms  DeleteObjects: 0.187400 ms)

AssetImportParameters requested are different than current active one (requested -> active):
  custom:framework-win-MediaFoundation: 216162199b28c13a410421893ffa2e32 -> 
  custom:video-decoder-ogg-theora: a1e56fd34408186e4bbccfd4996cb3dc -> 
  custom:container-muxer-webm: aa71ff27fc2769a1b78a27578f13a17b -> 
  custom:container-demuxer-webm: 4f35f7cbe854078d1ac9338744f61a02 -> 
  custom:container-demuxer-ogg: 62fdf1f143b41e24485cea50d1cbac27 -> 
  custom:video-encoder-webm-vp8: eb34c28f22e8b96e1ab97ce403110664 -> 
  custom:video-codec-MediaFoundation-h265: 746d11721c4dcdbdad8f713fa42b33f4 -> 
  custom:video-decoder-webm-vp8: 9c59270c3fd7afecdb556c50c9e8de78 -> 
  custom:audio-decoder-ogg-vorbis: bf7c407c2cedff20999df2af8eb42d56 -> 
  custom:audio-encoder-webm-vorbis: bf7c407c2cedff20999df2af8eb42d56 -> 
========================================================================
Received Import Request.
  Time since last request: 113.630674 seconds.
  path: Assets/Resources/Scripts/ResultHolder.cs
  artifactKey: Guid(b39bf96923c965540948c81cdc55f0d6) Importer(815301076,1909f56bfc062723c751e8b465ee728b)
Start importing Assets/Resources/Scripts/ResultHolder.cs using Guid(b39bf96923c965540948c81cdc55f0d6) Importer(815301076,1909f56bfc062723c751e8b465ee728b)  -> (artifact id: '30e2cb126c120682aedaa264af7483a9') in 0.027881 seconds 
  Import took 0.040783 seconds .

========================================================================
Received Prepare
Registering precompiled user dll's ...
Registered in 0.006153 seconds.
Begin MonoManager ReloadAssembly
Native extension for WindowsStandalone target not found
Refreshing native plugins compatible for Editor in 0.51 ms, found 3 plugins.
Preloading 0 native plugins for Editor in 0.00 ms.
Mono: successfully reloaded assembly
- Completed reload, in  1.156 seconds
Domain Reload Profiling:
	ReloadAssembly (1157ms)
		BeginReloadAssembly (120ms)
			ExecutionOrderSort (0ms)
			DisableScriptedObjects (7ms)
			BackupInstance (0ms)
			ReleaseScriptingObjects (0ms)
			CreateAndSetChildDomain (36ms)
		EndReloadAssembly (969ms)
			LoadAssemblies (100ms)
			RebuildTransferFunctionScriptingTraits (0ms)
			SetupTypeCache (319ms)
			ReleaseScriptCaches (1ms)
			RebuildScriptCaches (48ms)
			SetupLoadedEditorAssemblies (386ms)
				LogAssemblyErrors (0ms)
				InitializePlatformSupportModulesInManaged (5ms)
				SetLoadedEditorAssemblies (0ms)
				RefreshPlugins (1ms)
				BeforeProcessingInitializeOnLoad (162ms)
				ProcessInitializeOnLoadAttributes (196ms)
				ProcessInitializeOnLoadMethodAttributes (12ms)
				AfterProcessingInitializeOnLoad (9ms)
				EditorAssembliesLoaded (0ms)
			ExecutionOrderSort2 (0ms)
			AwakeInstancesAfterBackupRestoration (9ms)
Platform modules already initialized, skipping
Refreshing native plugins compatible for Editor in 0.48 ms, found 3 plugins.
Preloading 0 native plugins for Editor in 0.00 ms.
Unloading 2228 Unused Serialized files (Serialized files now loaded: 0)
System memory in use before: 101.0 MB.
System memory in use after: 101.0 MB.

Unloading 20 unused Assets to reduce memory usage. Loaded Objects now: 2711.
Total: 3.624100 ms (FindLiveObjects: 0.217200 ms CreateObjectMapping: 0.087700 ms MarkObjects: 3.175800 ms  DeleteObjects: 0.142400 ms)

AssetImportParameters requested are different than current active one (requested -> active):
  custom:framework-win-MediaFoundation: 216162199b28c13a410421893ffa2e32 -> 
  custom:video-decoder-ogg-theora: a1e56fd34408186e4bbccfd4996cb3dc -> 
  custom:container-muxer-webm: aa71ff27fc2769a1b78a27578f13a17b -> 
  custom:container-demuxer-webm: 4f35f7cbe854078d1ac9338744f61a02 -> 
  custom:container-demuxer-ogg: 62fdf1f143b41e24485cea50d1cbac27 -> 
  custom:video-encoder-webm-vp8: eb34c28f22e8b96e1ab97ce403110664 -> 
  custom:video-codec-MediaFoundation-h265: 746d11721c4dcdbdad8f713fa42b33f4 -> 
  custom:video-decoder-webm-vp8: 9c59270c3fd7afecdb556c50c9e8de78 -> 
  custom:audio-decoder-ogg-vorbis: bf7c407c2cedff20999df2af8eb42d56 -> 
  custom:audio-encoder-webm-vorbis: bf7c407c2cedff20999df2af8eb42d56 -> 
========================================================================
Received Import Request.
  Time since last request: 74.225306 seconds.
  path: Assets/Resources/Scripts/ResultHolder.cs
  artifactKey: Guid(b39bf96923c965540948c81cdc55f0d6) Importer(815301076,1909f56bfc062723c751e8b465ee728b)
Start importing Assets/Resources/Scripts/ResultHolder.cs using Guid(b39bf96923c965540948c81cdc55f0d6) Importer(815301076,1909f56bfc062723c751e8b465ee728b)  -> (artifact id: '79e679accdef81572d3b05991b63e72b') in 0.006751 seconds 
  Import took 0.010374 seconds .

========================================================================
Received Prepare
Registering precompiled user dll's ...
Registered in 0.005307 seconds.
Begin MonoManager ReloadAssembly
Native extension for WindowsStandalone target not found
Refreshing native plugins compatible for Editor in 0.58 ms, found 3 plugins.
Preloading 0 native plugins for Editor in 0.00 ms.
Mono: successfully reloaded assembly
- Completed reload, in  1.165 seconds
Domain Reload Profiling:
	ReloadAssembly (1166ms)
		BeginReloadAssembly (125ms)
			ExecutionOrderSort (0ms)
			DisableScriptedObjects (7ms)
			BackupInstance (0ms)
			ReleaseScriptingObjects (0ms)
			CreateAndSetChildDomain (36ms)
		EndReloadAssembly (965ms)
			LoadAssemblies (140ms)
			RebuildTransferFunctionScriptingTraits (0ms)
			SetupTypeCache (317ms)
			ReleaseScriptCaches (1ms)
			RebuildScriptCaches (47ms)
			SetupLoadedEditorAssemblies (346ms)
				LogAssemblyErrors (0ms)
				InitializePlatformSupportModulesInManaged (6ms)
				SetLoadedEditorAssemblies (1ms)
				RefreshPlugins (1ms)
				BeforeProcessingInitializeOnLoad (115ms)
				ProcessInitializeOnLoadAttributes (203ms)
				ProcessInitializeOnLoadMethodAttributes (11ms)
				AfterProcessingInitializeOnLoad (9ms)
				EditorAssembliesLoaded (0ms)
			ExecutionOrderSort2 (0ms)
			AwakeInstancesAfterBackupRestoration (10ms)
Platform modules already initialized, skipping
Refreshing native plugins compatible for Editor in 0.54 ms, found 3 plugins.
Preloading 0 native plugins for Editor in 0.00 ms.
Unloading 2228 Unused Serialized files (Serialized files now loaded: 0)
System memory in use before: 101.0 MB.
System memory in use after: 101.0 MB.

Unloading 20 unused Assets to reduce memory usage. Loaded Objects now: 2713.
Total: 3.010000 ms (FindLiveObjects: 0.209500 ms CreateObjectMapping: 0.112400 ms MarkObjects: 2.563900 ms  DeleteObjects: 0.123100 ms)

AssetImportParameters requested are different than current active one (requested -> active):
  custom:framework-win-MediaFoundation: 216162199b28c13a410421893ffa2e32 -> 
  custom:video-decoder-ogg-theora: a1e56fd34408186e4bbccfd4996cb3dc -> 
  custom:container-muxer-webm: aa71ff27fc2769a1b78a27578f13a17b -> 
  custom:container-demuxer-webm: 4f35f7cbe854078d1ac9338744f61a02 -> 
  custom:container-demuxer-ogg: 62fdf1f143b41e24485cea50d1cbac27 -> 
  custom:video-encoder-webm-vp8: eb34c28f22e8b96e1ab97ce403110664 -> 
  custom:video-codec-MediaFoundation-h265: 746d11721c4dcdbdad8f713fa42b33f4 -> 
  custom:video-decoder-webm-vp8: 9c59270c3fd7afecdb556c50c9e8de78 -> 
  custom:audio-decoder-ogg-vorbis: bf7c407c2cedff20999df2af8eb42d56 -> 
  custom:audio-encoder-webm-vorbis: bf7c407c2cedff20999df2af8eb42d56 -> 
========================================================================
Received Prepare
Registering precompiled user dll's ...
Registered in 0.009132 seconds.
Begin MonoManager ReloadAssembly
Native extension for WindowsStandalone target not found
Refreshing native plugins compatible for Editor in 0.65 ms, found 3 plugins.
Preloading 0 native plugins for Editor in 0.00 ms.
Mono: successfully reloaded assembly
- Completed reload, in  1.177 seconds
Domain Reload Profiling:
	ReloadAssembly (1178ms)
		BeginReloadAssembly (166ms)
			ExecutionOrderSort (0ms)
			DisableScriptedObjects (7ms)
			BackupInstance (0ms)
			ReleaseScriptingObjects (0ms)
			CreateAndSetChildDomain (58ms)
		EndReloadAssembly (947ms)
			LoadAssemblies (109ms)
			RebuildTransferFunctionScriptingTraits (0ms)
			SetupTypeCache (308ms)
			ReleaseScriptCaches (1ms)
			RebuildScriptCaches (49ms)
			SetupLoadedEditorAssemblies (375ms)
				LogAssemblyErrors (0ms)
				InitializePlatformSupportModulesInManaged (6ms)
				SetLoadedEditorAssemblies (1ms)
				RefreshPlugins (1ms)
				BeforeProcessingInitializeOnLoad (146ms)
				ProcessInitializeOnLoadAttributes (197ms)
				ProcessInitializeOnLoadMethodAttributes (13ms)
				AfterProcessingInitializeOnLoad (12ms)
				EditorAssembliesLoaded (0ms)
			ExecutionOrderSort2 (0ms)
			AwakeInstancesAfterBackupRestoration (12ms)
Platform modules already initialized, skipping
Refreshing native plugins compatible for Editor in 0.60 ms, found 3 plugins.
Preloading 0 native plugins for Editor in 0.00 ms.
Unloading 2228 Unused Serialized files (Serialized files now loaded: 0)
System memory in use before: 101.0 MB.
System memory in use after: 101.1 MB.

Unloading 20 unused Assets to reduce memory usage. Loaded Objects now: 2715.
Total: 4.871600 ms (FindLiveObjects: 0.264900 ms CreateObjectMapping: 0.241800 ms MarkObjects: 4.181300 ms  DeleteObjects: 0.182300 ms)

AssetImportParameters requested are different than current active one (requested -> active):
  custom:framework-win-MediaFoundation: 216162199b28c13a410421893ffa2e32 -> 
  custom:video-decoder-ogg-theora: a1e56fd34408186e4bbccfd4996cb3dc -> 
  custom:container-muxer-webm: aa71ff27fc2769a1b78a27578f13a17b -> 
  custom:container-demuxer-webm: 4f35f7cbe854078d1ac9338744f61a02 -> 
  custom:container-demuxer-ogg: 62fdf1f143b41e24485cea50d1cbac27 -> 
  custom:video-encoder-webm-vp8: eb34c28f22e8b96e1ab97ce403110664 -> 
  custom:video-codec-MediaFoundation-h265: 746d11721c4dcdbdad8f713fa42b33f4 -> 
  custom:video-decoder-webm-vp8: 9c59270c3fd7afecdb556c50c9e8de78 -> 
  custom:audio-decoder-ogg-vorbis: bf7c407c2cedff20999df2af8eb42d56 -> 
  custom:audio-encoder-webm-vorbis: bf7c407c2cedff20999df2af8eb42d56 -> 
========================================================================
Received Import Request.
  Time since last request: 354.855068 seconds.
  path: Assets/Resources/Scripts/ResultHolder.cs
  artifactKey: Guid(b39bf96923c965540948c81cdc55f0d6) Importer(815301076,1909f56bfc062723c751e8b465ee728b)
Start importing Assets/Resources/Scripts/ResultHolder.cs using Guid(b39bf96923c965540948c81cdc55f0d6) Importer(815301076,1909f56bfc062723c751e8b465ee728b)  -> (artifact id: 'b69cbdaafc7647338578bf81ecdb1be8') in 0.013433 seconds 
  Import took 0.021413 seconds .

========================================================================
Received Prepare
Registering precompiled user dll's ...
Registered in 0.004476 seconds.
Begin MonoManager ReloadAssembly
Native extension for WindowsStandalone target not found
Refreshing native plugins compatible for Editor in 0.55 ms, found 3 plugins.
Preloading 0 native plugins for Editor in 0.00 ms.
Mono: successfully reloaded assembly
- Completed reload, in  1.072 seconds
Domain Reload Profiling:
	ReloadAssembly (1073ms)
		BeginReloadAssembly (119ms)
			ExecutionOrderSort (0ms)
			DisableScriptedObjects (6ms)
			BackupInstance (0ms)
			ReleaseScriptingObjects (0ms)
			CreateAndSetChildDomain (33ms)
		EndReloadAssembly (884ms)
			LoadAssemblies (104ms)
			RebuildTransferFunctionScriptingTraits (0ms)
			SetupTypeCache (296ms)
			ReleaseScriptCaches (1ms)
			RebuildScriptCaches (44ms)
			SetupLoadedEditorAssemblies (335ms)
				LogAssemblyErrors (0ms)
				InitializePlatformSupportModulesInManaged (5ms)
				SetLoadedEditorAssemblies (1ms)
				RefreshPlugins (1ms)
				BeforeProcessingInitializeOnLoad (100ms)
				ProcessInitializeOnLoadAttributes (203ms)
				ProcessInitializeOnLoadMethodAttributes (14ms)
				AfterProcessingInitializeOnLoad (11ms)
				EditorAssembliesLoaded (0ms)
			ExecutionOrderSort2 (0ms)
			AwakeInstancesAfterBackupRestoration (11ms)
Platform modules already initialized, skipping
Refreshing native plugins compatible for Editor in 0.58 ms, found 3 plugins.
Preloading 0 native plugins for Editor in 0.00 ms.
Unloading 2228 Unused Serialized files (Serialized files now loaded: 0)
System memory in use before: 101.0 MB.
System memory in use after: 101.0 MB.

Unloading 20 unused Assets to reduce memory usage. Loaded Objects now: 2717.
Total: 3.302100 ms (FindLiveObjects: 0.195800 ms CreateObjectMapping: 0.091700 ms MarkObjects: 2.858900 ms  DeleteObjects: 0.154800 ms)

AssetImportParameters requested are different than current active one (requested -> active):
  custom:framework-win-MediaFoundation: 216162199b28c13a410421893ffa2e32 -> 
  custom:video-decoder-ogg-theora: a1e56fd34408186e4bbccfd4996cb3dc -> 
  custom:container-muxer-webm: aa71ff27fc2769a1b78a27578f13a17b -> 
  custom:container-demuxer-webm: 4f35f7cbe854078d1ac9338744f61a02 -> 
  custom:container-demuxer-ogg: 62fdf1f143b41e24485cea50d1cbac27 -> 
  custom:video-encoder-webm-vp8: eb34c28f22e8b96e1ab97ce403110664 -> 
  custom:video-codec-MediaFoundation-h265: 746d11721c4dcdbdad8f713fa42b33f4 -> 
  custom:video-decoder-webm-vp8: 9c59270c3fd7afecdb556c50c9e8de78 -> 
  custom:audio-decoder-ogg-vorbis: bf7c407c2cedff20999df2af8eb42d56 -> 
  custom:audio-encoder-webm-vorbis: bf7c407c2cedff20999df2af8eb42d56 -> 
========================================================================
Received Prepare
Registering precompiled user dll's ...
Registered in 0.004525 seconds.
Begin MonoManager ReloadAssembly
Native extension for WindowsStandalone target not found
Refreshing native plugins compatible for Editor in 0.54 ms, found 3 plugins.
Preloading 0 native plugins for Editor in 0.00 ms.
Mono: successfully reloaded assembly
- Completed reload, in  1.504 seconds
Domain Reload Profiling:
	ReloadAssembly (1504ms)
		BeginReloadAssembly (250ms)
			ExecutionOrderSort (0ms)
			DisableScriptedObjects (8ms)
			BackupInstance (0ms)
			ReleaseScriptingObjects (0ms)
			CreateAndSetChildDomain (67ms)
		EndReloadAssembly (1100ms)
			LoadAssemblies (247ms)
			RebuildTransferFunctionScriptingTraits (0ms)
			SetupTypeCache (424ms)
			ReleaseScriptCaches (1ms)
			RebuildScriptCaches (45ms)
			SetupLoadedEditorAssemblies (345ms)
				LogAssemblyErrors (0ms)
				InitializePlatformSupportModulesInManaged (5ms)
				SetLoadedEditorAssemblies (0ms)
				RefreshPlugins (1ms)
				BeforeProcessingInitializeOnLoad (117ms)
				ProcessInitializeOnLoadAttributes (200ms)
				ProcessInitializeOnLoadMethodAttributes (12ms)
				AfterProcessingInitializeOnLoad (10ms)
				EditorAssembliesLoaded (0ms)
			ExecutionOrderSort2 (0ms)
			AwakeInstancesAfterBackupRestoration (11ms)
Platform modules already initialized, skipping
Refreshing native plugins compatible for Editor in 0.52 ms, found 3 plugins.
Preloading 0 native plugins for Editor in 0.00 ms.
Unloading 2228 Unused Serialized files (Serialized files now loaded: 0)
System memory in use before: 101.0 MB.
System memory in use after: 101.0 MB.

Unloading 20 unused Assets to reduce memory usage. Loaded Objects now: 2719.
Total: 3.791900 ms (FindLiveObjects: 0.257700 ms CreateObjectMapping: 0.097500 ms MarkObjects: 3.291100 ms  DeleteObjects: 0.144300 ms)

AssetImportParameters requested are different than current active one (requested -> active):
  custom:framework-win-MediaFoundation: 216162199b28c13a410421893ffa2e32 -> 
  custom:video-decoder-ogg-theora: a1e56fd34408186e4bbccfd4996cb3dc -> 
  custom:container-muxer-webm: aa71ff27fc2769a1b78a27578f13a17b -> 
  custom:container-demuxer-webm: 4f35f7cbe854078d1ac9338744f61a02 -> 
  custom:container-demuxer-ogg: 62fdf1f143b41e24485cea50d1cbac27 -> 
  custom:video-encoder-webm-vp8: eb34c28f22e8b96e1ab97ce403110664 -> 
  custom:video-codec-MediaFoundation-h265: 746d11721c4dcdbdad8f713fa42b33f4 -> 
  custom:video-decoder-webm-vp8: 9c59270c3fd7afecdb556c50c9e8de78 -> 
  custom:audio-decoder-ogg-vorbis: bf7c407c2cedff20999df2af8eb42d56 -> 
  custom:audio-encoder-webm-vorbis: bf7c407c2cedff20999df2af8eb42d56 -> 
========================================================================
Received Import Request.
  Time since last request: 77.135736 seconds.
  path: Assets/Resources/Scripts/ResultsPage.cs
  artifactKey: Guid(d444eab22229fc34ca6e7eff56f93eb2) Importer(815301076,1909f56bfc062723c751e8b465ee728b)
Start importing Assets/Resources/Scripts/ResultsPage.cs using Guid(d444eab22229fc34ca6e7eff56f93eb2) Importer(815301076,1909f56bfc062723c751e8b465ee728b)  -> (artifact id: '9a73a3a69b27b8e58159130e48a7142d') in 0.008695 seconds 
  Import took 0.012846 seconds .

========================================================================
Received Prepare
Registering precompiled user dll's ...
Registered in 0.004962 seconds.
Begin MonoManager ReloadAssembly
Native extension for WindowsStandalone target not found
Refreshing native plugins compatible for Editor in 0.73 ms, found 3 plugins.
Preloading 0 native plugins for Editor in 0.00 ms.
Mono: successfully reloaded assembly
- Completed reload, in  1.214 seconds
Domain Reload Profiling:
	ReloadAssembly (1215ms)
		BeginReloadAssembly (172ms)
			ExecutionOrderSort (0ms)
			DisableScriptedObjects (8ms)
			BackupInstance (0ms)
			ReleaseScriptingObjects (0ms)
			CreateAndSetChildDomain (60ms)
		EndReloadAssembly (975ms)
			LoadAssemblies (112ms)
			RebuildTransferFunctionScriptingTraits (0ms)
			SetupTypeCache (316ms)
			ReleaseScriptCaches (1ms)
			RebuildScriptCaches (50ms)
			SetupLoadedEditorAssemblies (344ms)
				LogAssemblyErrors (0ms)
				InitializePlatformSupportModulesInManaged (6ms)
				SetLoadedEditorAssemblies (1ms)
				RefreshPlugins (1ms)
				BeforeProcessingInitializeOnLoad (111ms)
				ProcessInitializeOnLoadAttributes (203ms)
				ProcessInitializeOnLoadMethodAttributes (12ms)
				AfterProcessingInitializeOnLoad (10ms)
				EditorAssembliesLoaded (0ms)
			ExecutionOrderSort2 (0ms)
			AwakeInstancesAfterBackupRestoration (10ms)
Platform modules already initialized, skipping
Refreshing native plugins compatible for Editor in 0.55 ms, found 3 plugins.
Preloading 0 native plugins for Editor in 0.00 ms.
Unloading 2228 Unused Serialized files (Serialized files now loaded: 0)
System memory in use before: 101.0 MB.
System memory in use after: 101.0 MB.

Unloading 20 unused Assets to reduce memory usage. Loaded Objects now: 2721.
Total: 3.325700 ms (FindLiveObjects: 0.217300 ms CreateObjectMapping: 0.090700 ms MarkObjects: 2.850800 ms  DeleteObjects: 0.166000 ms)

AssetImportParameters requested are different than current active one (requested -> active):
  custom:framework-win-MediaFoundation: 216162199b28c13a410421893ffa2e32 -> 
  custom:video-decoder-ogg-theora: a1e56fd34408186e4bbccfd4996cb3dc -> 
  custom:container-muxer-webm: aa71ff27fc2769a1b78a27578f13a17b -> 
  custom:container-demuxer-webm: 4f35f7cbe854078d1ac9338744f61a02 -> 
  custom:container-demuxer-ogg: 62fdf1f143b41e24485cea50d1cbac27 -> 
  custom:video-encoder-webm-vp8: eb34c28f22e8b96e1ab97ce403110664 -> 
  custom:video-codec-MediaFoundation-h265: 746d11721c4dcdbdad8f713fa42b33f4 -> 
  custom:video-decoder-webm-vp8: 9c59270c3fd7afecdb556c50c9e8de78 -> 
  custom:audio-decoder-ogg-vorbis: bf7c407c2cedff20999df2af8eb42d56 -> 
  custom:audio-encoder-webm-vorbis: bf7c407c2cedff20999df2af8eb42d56 -> 
========================================================================
Received Prepare
Registering precompiled user dll's ...
Registered in 0.005814 seconds.
Begin MonoManager ReloadAssembly
Native extension for WindowsStandalone target not found
Refreshing native plugins compatible for Editor in 0.52 ms, found 3 plugins.
Preloading 0 native plugins for Editor in 0.00 ms.
Mono: successfully reloaded assembly
- Completed reload, in  1.831 seconds
Domain Reload Profiling:
	ReloadAssembly (1832ms)
		BeginReloadAssembly (227ms)
			ExecutionOrderSort (0ms)
			DisableScriptedObjects (7ms)
			BackupInstance (0ms)
			ReleaseScriptingObjects (0ms)
			CreateAndSetChildDomain (60ms)
		EndReloadAssembly (1444ms)
			LoadAssemblies (226ms)
			RebuildTransferFunctionScriptingTraits (0ms)
			SetupTypeCache (532ms)
			ReleaseScriptCaches (1ms)
			RebuildScriptCaches (43ms)
			SetupLoadedEditorAssemblies (537ms)
				LogAssemblyErrors (0ms)
				InitializePlatformSupportModulesInManaged (5ms)
				SetLoadedEditorAssemblies (1ms)
				RefreshPlugins (1ms)
				BeforeProcessingInitializeOnLoad (98ms)
				ProcessInitializeOnLoadAttributes (373ms)
				ProcessInitializeOnLoadMethodAttributes (35ms)
				AfterProcessingInitializeOnLoad (25ms)
				EditorAssembliesLoaded (0ms)
			ExecutionOrderSort2 (0ms)
			AwakeInstancesAfterBackupRestoration (26ms)
Platform modules already initialized, skipping
Refreshing native plugins compatible for Editor in 0.49 ms, found 3 plugins.
Preloading 0 native plugins for Editor in 0.00 ms.
Unloading 2228 Unused Serialized files (Serialized files now loaded: 0)
System memory in use before: 101.0 MB.
System memory in use after: 101.0 MB.

Unloading 20 unused Assets to reduce memory usage. Loaded Objects now: 2723.
Total: 3.303500 ms (FindLiveObjects: 0.192400 ms CreateObjectMapping: 0.090400 ms MarkObjects: 2.890500 ms  DeleteObjects: 0.129000 ms)

AssetImportParameters requested are different than current active one (requested -> active):
  custom:framework-win-MediaFoundation: 216162199b28c13a410421893ffa2e32 -> 
  custom:video-decoder-ogg-theora: a1e56fd34408186e4bbccfd4996cb3dc -> 
  custom:container-muxer-webm: aa71ff27fc2769a1b78a27578f13a17b -> 
  custom:container-demuxer-webm: 4f35f7cbe854078d1ac9338744f61a02 -> 
  custom:container-demuxer-ogg: 62fdf1f143b41e24485cea50d1cbac27 -> 
  custom:video-encoder-webm-vp8: eb34c28f22e8b96e1ab97ce403110664 -> 
  custom:video-codec-MediaFoundation-h265: 746d11721c4dcdbdad8f713fa42b33f4 -> 
  custom:video-decoder-webm-vp8: 9c59270c3fd7afecdb556c50c9e8de78 -> 
  custom:audio-decoder-ogg-vorbis: bf7c407c2cedff20999df2af8eb42d56 -> 
  custom:audio-encoder-webm-vorbis: bf7c407c2cedff20999df2af8eb42d56 -> 
========================================================================
Received Import Request.
  Time since last request: 260.156424 seconds.
  path: Assets/Resources/Scripts/ResultHolder.cs
  artifactKey: Guid(b39bf96923c965540948c81cdc55f0d6) Importer(815301076,1909f56bfc062723c751e8b465ee728b)
Start importing Assets/Resources/Scripts/ResultHolder.cs using Guid(b39bf96923c965540948c81cdc55f0d6) Importer(815301076,1909f56bfc062723c751e8b465ee728b)  -> (artifact id: '036a820f707b412de6fd5e7faf2a3034') in 0.006789 seconds 
  Import took 0.010346 seconds .

========================================================================
Received Prepare
Registering precompiled user dll's ...
Registered in 0.006713 seconds.
Begin MonoManager ReloadAssembly
Native extension for WindowsStandalone target not found
Refreshing native plugins compatible for Editor in 0.54 ms, found 3 plugins.
Preloading 0 native plugins for Editor in 0.00 ms.
Mono: successfully reloaded assembly
- Completed reload, in  1.427 seconds
Domain Reload Profiling:
	ReloadAssembly (1428ms)
		BeginReloadAssembly (237ms)
			ExecutionOrderSort (0ms)
			DisableScriptedObjects (8ms)
			BackupInstance (0ms)
			ReleaseScriptingObjects (0ms)
			CreateAndSetChildDomain (66ms)
		EndReloadAssembly (1030ms)
			LoadAssemblies (224ms)
			RebuildTransferFunctionScriptingTraits (0ms)
			SetupTypeCache (367ms)
			ReleaseScriptCaches (1ms)
			RebuildScriptCaches (46ms)
			SetupLoadedEditorAssemblies (326ms)
				LogAssemblyErrors (0ms)
				InitializePlatformSupportModulesInManaged (5ms)
				SetLoadedEditorAssemblies (0ms)
				RefreshPlugins (1ms)
				BeforeProcessingInitializeOnLoad (100ms)
				ProcessInitializeOnLoadAttributes (196ms)
				ProcessInitializeOnLoadMethodAttributes (14ms)
				AfterProcessingInitializeOnLoad (9ms)
				EditorAssembliesLoaded (0ms)
			ExecutionOrderSort2 (0ms)
			AwakeInstancesAfterBackupRestoration (9ms)
Platform modules already initialized, skipping
Refreshing native plugins compatible for Editor in 0.58 ms, found 3 plugins.
Preloading 0 native plugins for Editor in 0.00 ms.
Unloading 2228 Unused Serialized files (Serialized files now loaded: 0)
System memory in use before: 101.0 MB.
System memory in use after: 101.0 MB.

Unloading 20 unused Assets to reduce memory usage. Loaded Objects now: 2725.
Total: 3.479500 ms (FindLiveObjects: 0.226800 ms CreateObjectMapping: 0.101000 ms MarkObjects: 3.020800 ms  DeleteObjects: 0.129800 ms)

AssetImportParameters requested are different than current active one (requested -> active):
  custom:framework-win-MediaFoundation: 216162199b28c13a410421893ffa2e32 -> 
  custom:video-decoder-ogg-theora: a1e56fd34408186e4bbccfd4996cb3dc -> 
  custom:container-muxer-webm: aa71ff27fc2769a1b78a27578f13a17b -> 
  custom:container-demuxer-webm: 4f35f7cbe854078d1ac9338744f61a02 -> 
  custom:container-demuxer-ogg: 62fdf1f143b41e24485cea50d1cbac27 -> 
  custom:video-encoder-webm-vp8: eb34c28f22e8b96e1ab97ce403110664 -> 
  custom:video-codec-MediaFoundation-h265: 746d11721c4dcdbdad8f713fa42b33f4 -> 
  custom:video-decoder-webm-vp8: 9c59270c3fd7afecdb556c50c9e8de78 -> 
  custom:audio-decoder-ogg-vorbis: bf7c407c2cedff20999df2af8eb42d56 -> 
  custom:audio-encoder-webm-vorbis: bf7c407c2cedff20999df2af8eb42d56 -> 
========================================================================
Received Import Request.
  Time since last request: 87.810201 seconds.
  path: Assets/Resources/Scripts/ResultsPage.cs
  artifactKey: Guid(d444eab22229fc34ca6e7eff56f93eb2) Importer(815301076,1909f56bfc062723c751e8b465ee728b)
Start importing Assets/Resources/Scripts/ResultsPage.cs using Guid(d444eab22229fc34ca6e7eff56f93eb2) Importer(815301076,1909f56bfc062723c751e8b465ee728b)  -> (artifact id: '015829286d7e39998b52bbcc90ffb03d') in 0.007734 seconds 
  Import took 0.011460 seconds .

========================================================================
Received Import Request.
  Time since last request: 7.691375 seconds.
  path: Assets/Resources/Images/Rope Bases
  artifactKey: Guid(d6565bd0ad7effa4e8bc9cc08a41f759) Importer(815301076,1909f56bfc062723c751e8b465ee728b)
Start importing Assets/Resources/Images/Rope Bases using Guid(d6565bd0ad7effa4e8bc9cc08a41f759) Importer(815301076,1909f56bfc062723c751e8b465ee728b)  -> (artifact id: '131e916f0452b4cf2f6af8316e589689') in 0.005755 seconds 
  Import took 0.010524 seconds .

AssetImportWorkerClient::OnTransportError - code=2 error=End of file
